webrtc/build/intermediates/manifest_merge_blame_file/release/manifest-merger-blame-release-report.txt
1<?xml version="1.0" encoding="utf-8"?>
2<manifest xmlns:android="http://schemas.android.com/apk/res/android"
3    xmlns:tools="http://schemas.android.com/tools"
4    package="org.intelehealth.apprtc" >
5
6    <uses-sdk
7        android:minSdkVersion="21"
7-->src\main\AndroidManifest.xml
8        android:targetSdkVersion="30" />
8-->src\main\AndroidManifest.xml
9
10    <uses-feature android:name="android.hardware.camera" />
10-->src\main\AndroidManifest.xml:6:5-60
10-->src\main\AndroidManifest.xml:6:19-57
11    <uses-feature android:name="android.hardware.camera.autofocus" />
11-->src\main\AndroidManifest.xml:7:5-70
11-->src\main\AndroidManifest.xml:7:19-67
12    <uses-feature
12-->src\main\AndroidManifest.xml:8:5-10:35
13        android:glEsVersion="0x00020000"
13-->src\main\AndroidManifest.xml:9:9-41
14        android:required="true" />
14-->src\main\AndroidManifest.xml:10:9-32
15
16    <uses-permission android:name="android.permission.CAMERA" />
16-->src\main\AndroidManifest.xml:12:5-65
16-->src\main\AndroidManifest.xml:12:22-62
17    <uses-permission android:name="android.permission.CHANGE_NETWORK_STATE" />
17-->src\main\AndroidManifest.xml:13:5-79
17-->src\main\AndroidManifest.xml:13:22-76
18    <uses-permission android:name="android.permission.MODIFY_AUDIO_SETTINGS" />
18-->src\main\AndroidManifest.xml:14:5-80
18-->src\main\AndroidManifest.xml:14:22-77
19    <uses-permission android:name="android.permission.RECORD_AUDIO" />
19-->src\main\AndroidManifest.xml:15:5-71
19-->src\main\AndroidManifest.xml:15:22-68
20    <uses-permission android:name="android.permission.INTERNET" />
20-->src\main\AndroidManifest.xml:16:5-67
20-->src\main\AndroidManifest.xml:16:22-64
21    <uses-permission android:name="android.permission.WRITE_EXTERNAL_STORAGE" />
21-->src\main\AndroidManifest.xml:17:5-81
21-->src\main\AndroidManifest.xml:17:22-78
22    <uses-permission android:name="android.permission.ACCESS_NETWORK_STATE" />
22-->src\main\AndroidManifest.xml:18:5-79
22-->src\main\AndroidManifest.xml:18:22-76
23    <uses-permission android:name="android.permission.BLUETOOTH" />
23-->src\main\AndroidManifest.xml:19:5-68
23-->src\main\AndroidManifest.xml:19:22-65
24    <uses-permission android:name="android.permission.READ_PHONE_STATE" />
24-->src\main\AndroidManifest.xml:20:5-75
24-->src\main\AndroidManifest.xml:20:22-72
25
26    <application
26-->src\main\AndroidManifest.xml:22:5-61:19
27        android:allowBackup="true"
27-->src\main\AndroidManifest.xml:23:9-35
28        android:label="@string/app_name"
28-->src\main\AndroidManifest.xml:24:9-41
29        android:supportsRtl="true"
29-->src\main\AndroidManifest.xml:25:9-35
30        android:theme="@style/AppTheme"
30-->src\main\AndroidManifest.xml:26:9-40
31        tools:ignore="LockedOrientationActivity" >
31-->src\main\AndroidManifest.xml:27:9-49
32        <activity
32-->src\main\AndroidManifest.xml:29:9-32:63
33            android:name="org.intelehealth.apprtc.ChatActivity"
33-->src\main\AndroidManifest.xml:30:13-64
34            android:screenOrientation="portrait"
34-->src\main\AndroidManifest.xml:31:13-49
35            android:windowSoftInputMode="stateAlwaysHidden" />
35-->src\main\AndroidManifest.xml:32:13-60
36        <!--
37          <activity
38              android:name="com.shivam.androidwebrtc.app_rtc_sample.main.AppRTCMainActivity"
39              android:label="@string/app_name"
40              android:windowSoftInputMode="adjustPan" />
41          <activity
42              android:name="com.shivam.androidwebrtc.app_rtc_sample.call.CallActivity"
43              android:configChanges="orientation|screenSize"
44              android:label="@string/app_name"
45              android:screenOrientation="fullUser"
46              android:theme="@style/AppTheme.Call" />
47        -->
48        <!--
49<activity
50            android:name="com.shivam.androidwebrtc.LauncherActivity"
51            android:theme="@style/AppTheme.NoActionBar">
52            <intent-filter>
53                <action android:name="android.intent.action.MAIN" />
54
55                <category android:name="android.intent.category.LAUNCHER" />
56            </intent-filter>
57        </activity>
58        -->
59        <activity
59-->src\main\AndroidManifest.xml:56:9-60:59
60            android:name="org.intelehealth.apprtc.CompleteActivity"
60-->src\main\AndroidManifest.xml:57:13-68
61            android:screenOrientation="portrait"
61-->src\main\AndroidManifest.xml:58:13-49
62            android:showOnLockScreen="true"
62-->src\main\AndroidManifest.xml:59:13-44
63            android:theme="@style/AppTheme.NoActionBar" />
63-->src\main\AndroidManifest.xml:60:13-56
64    </application>
65
66</manifest>